<?xml version="1.0" encoding="UTF-8"?>
<!-- Generated by org.testng.reporters.JUnitXMLReporter -->
<testsuite ignored="0" hostname="LAPTOP-2NGQH495" failures="0" tests="1" name="Test" time="2.821" errors="0" timestamp="2026-02-17T12:33:04 IST">
  <testcase classname="testBase.BaseClass" name="@BeforeClass SetUp" time="2.392">
    <failure type="java.lang.RuntimeException" message="Invalid execution_env valueremote">
      <![CDATA[java.lang.RuntimeException: Invalid execution_env valueremote
at testBase.BaseClass.SetUp(BaseClass.java:92)
at java.base/java.util.ArrayList.forEach(ArrayList.java:1596)
... Removed 23 stack frames]]>
    </failure>
  </testcase> <!-- @BeforeClass SetUp -->
  <testcase classname="testBase.BaseClass" name="@AfterClass TearDown" time="0.0">
    <skipped/>
  </testcase> <!-- @AfterClass TearDown -->
  <testcase classname="testCases.TC_001_AccountRegistration" name="Register" time="0.001">
    <skipped/>
  </testcase> <!-- Register -->
</testsuite> <!-- Test -->
